<?xml version="1.0" encoding="UTF-8"?>
<testsuite xmlns:xsi="http://www.w3.org/2001/XMLSchema-instance" xsi:noNamespaceSchemaLocation="https://maven.apache.org/surefire/maven-surefire-plugin/xsd/surefire-test-report.xsd" name="TestRunner.TestRunner" time="75.054" tests="3" errors="0" skipped="0" failures="0">
  <properties>
[...]
</properties>
  <testcase name="I want to Open Youtube Music with Login" classname="Youtube Music Basic" time="26.607"/>
  <testcase name="I want to Search a Music" classname="Youtube Music Basic" time="24.036"/>
  <testcase name="I want to Play Music" classname="Youtube Music Basic" time="24.009"/>
</testsuite>